{"/Users/denis/Projects/ngx-bdir/projects/ngx-bdir/src/lib/bdir.directive.ts": {"path":"/Users/denis/Projects/ngx-bdir/projects/ngx-bdir/src/lib/bdir.directive.ts","statementMap":{"0":{"start":{"line":1,"column":0},"end":{"line":1,"column":91}},"1":{"start":{"line":3,"column":0},"end":{"line":3,"column":45}},"2":{"start":{"line":4,"column":0},"end":{"line":4,"column":52}},"3":{"start":{"line":9,"column":0},"end":{"line":9,"column":13}},"4":{"start":{"line":14,"column":22},"end":{"line":14,"column":40}},"5":{"start":{"line":14,"column":64},"end":{"line":14,"column":73}},"6":{"start":{"line":14,"column":93},"end":{"line":14,"column":103}},"7":{"start":{"line":10,"column":11},"end":{"line":10,"column":33}},"8":{"start":{"line":16,"column":9},"end":{"line":20,"column":null}},"9":{"start":{"line":16,"column":2},"end":{"line":16,"column":9}},"10":{"start":{"line":17,"column":4},"end":{"line":19,"column":7}},"11":{"start":{"line":18,"column":6},"end":{"line":18,"column":73}},"12":{"start":{"line":22,"column":9},"end":{"line":24,"column":null}},"13":{"start":{"line":23,"column":4},"end":{"line":23,"column":39}},"14":{"start":{"line":26,"column":10},"end":{"line":28,"column":null}},"15":{"start":{"line":27,"column":4},"end":{"line":27,"column":111}},"16":{"start":{"line":10,"column":11},"end":{"line":10,"column":null}},"17":{"start":{"line":9,"column":13},"end":{"line":29,"column":null}},"18":{"start":{"line":29,"column":0},"end":{"line":29,"column":null}},"19":{"start":{"line":9,"column":13},"end":{"line":9,"column":26}}},"fnMap":{"0":{"name":"(anonymous_0)","decl":{"start":{"line":9,"column":0},"end":{"line":9,"column":13}},"loc":{"start":{"line":9,"column":0},"end":{"line":9,"column":13}}},"1":{"name":"BdirDirective","decl":{"start":{"line":14,"column":2},"end":{"line":14,"column":22}},"loc":{"start":{"line":14,"column":112},"end":{"line":14,"column":116}}},"2":{"name":"(anonymous_2)","decl":{"start":{"line":16,"column":2},"end":{"line":16,"column":9}},"loc":{"start":{"line":16,"column":2},"end":{"line":20,"column":3}}},"3":{"name":"(anonymous_3)","decl":{"start":{"line":17,"column":60},"end":{"line":17,"column":63}},"loc":{"start":{"line":17,"column":63},"end":{"line":19,"column":5}}},"4":{"name":"(anonymous_4)","decl":{"start":{"line":22,"column":2},"end":{"line":22,"column":9}},"loc":{"start":{"line":22,"column":2},"end":{"line":24,"column":3}}},"5":{"name":"(anonymous_5)","decl":{"start":{"line":26,"column":2},"end":{"line":26,"column":10}},"loc":{"start":{"line":26,"column":2},"end":{"line":28,"column":3}}}},"branchMap":{"0":{"loc":{"start":{"line":27,"column":37},"end":{"line":27,"column":68}},"type":"cond-expr","locations":[{"start":{"line":27,"column":37},"end":{"line":27,"column":68}},{"start":{"line":27,"column":71},"end":{"line":27,"column":110}}]}},"s":{"0":1,"1":1,"2":1,"3":1,"4":4,"5":4,"6":4,"7":4,"8":1,"9":4,"10":4,"11":4,"12":1,"13":2,"14":1,"15":4,"16":1,"17":1,"18":1,"19":1},"f":{"0":1,"1":4,"2":4,"3":4,"4":2,"5":4},"b":{"0":[2,2]}}
,"/Users/denis/Projects/ngx-bdir/projects/ngx-bdir/src/lib/ngx-bdir.models.ts": {"path":"/Users/denis/Projects/ngx-bdir/projects/ngx-bdir/src/lib/ngx-bdir.models.ts","statementMap":{"0":{"start":{"line":4,"column":0},"end":{"line":4,"column":null}},"1":{"start":{"line":5,"column":2},"end":{"line":5,"column":null}},"2":{"start":{"line":6,"column":2},"end":{"line":6,"column":null}},"3":{"start":{"line":9,"column":0},"end":{"line":9,"column":null}},"4":{"start":{"line":10,"column":2},"end":{"line":10,"column":null}},"5":{"start":{"line":11,"column":2},"end":{"line":11,"column":null}},"6":{"start":{"line":14,"column":13},"end":{"line":14,"column":43}},"7":{"start":{"line":16,"column":13},"end":{"line":16,"column":85}}},"fnMap":{"0":{"name":"(anonymous_0)","decl":{"start":{"line":4,"column":0},"end":{"line":4,"column":12}},"loc":{"start":{"line":4,"column":15},"end":{"line":7,"column":1}}},"1":{"name":"(anonymous_1)","decl":{"start":{"line":9,"column":0},"end":{"line":9,"column":12}},"loc":{"start":{"line":9,"column":15},"end":{"line":12,"column":1}}}},"branchMap":{"0":{"loc":{"start":{"line":4,"column":12},"end":{"line":4,"column":15}},"type":"binary-expr","locations":[{"start":{"line":4,"column":12},"end":{"line":4,"column":15}},{"start":{"line":4,"column":12},"end":{"line":4,"column":null}}]},"1":{"loc":{"start":{"line":9,"column":12},"end":{"line":9,"column":15}},"type":"binary-expr","locations":[{"start":{"line":9,"column":12},"end":{"line":9,"column":15}},{"start":{"line":9,"column":12},"end":{"line":9,"column":null}}]}},"s":{"0":2,"1":2,"2":2,"3":2,"4":2,"5":2,"6":2,"7":2},"f":{"0":2,"1":2},"b":{"0":[2,2],"1":[2,2]}}
,"/Users/denis/Projects/ngx-bdir/projects/ngx-bdir/src/lib/ngx-bdir.service.ts": {"path":"/Users/denis/Projects/ngx-bdir/projects/ngx-bdir/src/lib/ngx-bdir.service.ts","statementMap":{"0":{"start":{"line":1,"column":0},"end":{"line":1,"column":61}},"1":{"start":{"line":2,"column":0},"end":{"line":2,"column":39}},"2":{"start":{"line":3,"column":0},"end":{"line":3,"column":37}},"3":{"start":{"line":4,"column":0},"end":{"line":4,"column":64}},"4":{"start":{"line":5,"column":0},"end":{"line":5,"column":64}},"5":{"start":{"line":10,"column":0},"end":{"line":10,"column":13}},"6":{"start":{"line":16,"column":38},"end":{"line":16,"column":null}},"7":{"start":{"line":15,"column":35},"end":{"line":15,"column":51}},"8":{"start":{"line":18,"column":4},"end":{"line":18,"column":53}},"9":{"start":{"line":19,"column":4},"end":{"line":19,"column":60}},"10":{"start":{"line":22,"column":2},"end":{"line":24,"column":null}},"11":{"start":{"line":23,"column":4},"end":{"line":23,"column":41}},"12":{"start":{"line":26,"column":2},"end":{"line":31,"column":null}},"13":{"start":{"line":27,"column":4},"end":{"line":30,"column":null}},"14":{"start":{"line":28,"column":6},"end":{"line":28,"column":28}},"15":{"start":{"line":29,"column":6},"end":{"line":29,"column":33}},"16":{"start":{"line":33,"column":2},"end":{"line":35,"column":null}},"17":{"start":{"line":34,"column":4},"end":{"line":34,"column":43}},"18":{"start":{"line":37,"column":2},"end":{"line":39,"column":null}},"19":{"start":{"line":38,"column":4},"end":{"line":38,"column":82}},"20":{"start":{"line":38,"column":42},"end":{"line":38,"column":80}},"21":{"start":{"line":41,"column":10},"end":{"line":43,"column":null}},"22":{"start":{"line":42,"column":4},"end":{"line":42,"column":60}},"23":{"start":{"line":10,"column":13},"end":{"line":44,"column":null}},"24":{"start":{"line":44,"column":0},"end":{"line":44,"column":null}},"25":{"start":{"line":10,"column":13},"end":{"line":10,"column":27}}},"fnMap":{"0":{"name":"(anonymous_0)","decl":{"start":{"line":10,"column":0},"end":{"line":10,"column":13}},"loc":{"start":{"line":10,"column":0},"end":{"line":10,"column":13}}},"1":{"name":"NgxBdirService","decl":{"start":{"line":14,"column":2},"end":{"line":14,"column":null}},"loc":{"start":{"line":16,"column":74},"end":{"line":20,"column":3}}},"2":{"name":"(anonymous_2)","decl":{"start":{"line":22,"column":2},"end":{"line":22,"column":9}},"loc":{"start":{"line":22,"column":20},"end":{"line":24,"column":3}}},"3":{"name":"(anonymous_3)","decl":{"start":{"line":26,"column":2},"end":{"line":26,"column":8}},"loc":{"start":{"line":26,"column":12},"end":{"line":31,"column":3}}},"4":{"name":"(anonymous_4)","decl":{"start":{"line":33,"column":2},"end":{"line":33,"column":9}},"loc":{"start":{"line":33,"column":2},"end":{"line":35,"column":3}}},"5":{"name":"(anonymous_5)","decl":{"start":{"line":37,"column":2},"end":{"line":37,"column":17}},"loc":{"start":{"line":37,"column":2},"end":{"line":39,"column":3}}},"6":{"name":"(anonymous_6)","decl":{"start":{"line":38,"column":35},"end":{"line":38,"column":38}},"loc":{"start":{"line":38,"column":38},"end":{"line":38,"column":43}}},"7":{"name":"(anonymous_7)","decl":{"start":{"line":41,"column":2},"end":{"line":41,"column":10}},"loc":{"start":{"line":41,"column":33},"end":{"line":43,"column":3}}}},"branchMap":{"0":{"loc":{"start":{"line":16,"column":38},"end":{"line":16,"column":null}},"type":"if","locations":[{"start":{"line":16,"column":38},"end":{"line":16,"column":null}},{"start":{"line":16,"column":38},"end":{"line":16,"column":null}}]},"1":{"loc":{"start":{"line":27,"column":4},"end":{"line":30,"column":null}},"type":"if","locations":[{"start":{"line":27,"column":4},"end":{"line":30,"column":null}},{"start":{"line":27,"column":4},"end":{"line":30,"column":null}}]},"2":{"loc":{"start":{"line":38,"column":61},"end":{"line":38,"column":68}},"type":"cond-expr","locations":[{"start":{"line":38,"column":61},"end":{"line":38,"column":68}},{"start":{"line":38,"column":71},"end":{"line":38,"column":78}}]},"3":{"loc":{"start":{"line":42,"column":42},"end":{"line":42,"column":49}},"type":"cond-expr","locations":[{"start":{"line":42,"column":42},"end":{"line":42,"column":49}},{"start":{"line":42,"column":52},"end":{"line":42,"column":59}}]}},"s":{"0":2,"1":2,"2":2,"3":2,"4":2,"5":2,"6":9,"7":6,"8":6,"9":6,"10":2,"11":1,"12":2,"13":1,"14":1,"15":1,"16":2,"17":8,"18":2,"19":3,"20":3,"21":2,"22":7,"23":2,"24":2,"25":2},"f":{"0":2,"1":6,"2":1,"3":1,"4":8,"5":3,"6":3,"7":7},"b":{"0":[3,3],"1":[1,0],"2":[0,3],"3":[2,5]}}
,"/Users/denis/Projects/ngx-bdir/projects/ngx-bdir/src/lib/ngx-bdir.tokens.ts": {"path":"/Users/denis/Projects/ngx-bdir/projects/ngx-bdir/src/lib/ngx-bdir.tokens.ts","statementMap":{"0":{"start":{"line":1,"column":0},"end":{"line":1,"column":47}},"1":{"start":{"line":4,"column":13},"end":{"line":4,"column":73}},"2":{"start":{"line":5,"column":13},"end":{"line":5,"column":69}}},"fnMap":{},"branchMap":{},"s":{"0":2,"1":2,"2":2},"f":{},"b":{}}
}
