TN:
SF:/Users/denis/Projects/ngx-bdir/projects/ngx-bdir/src/lib/b-dir.directive.ts
FN:9,(anonymous_0)
FN:14,BDirDirective
FN:16,(anonymous_2)
FN:17,(anonymous_3)
FN:22,(anonymous_4)
FN:26,(anonymous_5)
FNF:6
FNH:6
FNDA:1,(anonymous_0)
FNDA:4,BDirDirective
FNDA:4,(anonymous_2)
FNDA:4,(anonymous_3)
FNDA:2,(anonymous_4)
FNDA:4,(anonymous_5)
DA:1,1
DA:3,1
DA:4,1
DA:9,1
DA:10,4
DA:14,4
DA:16,4
DA:17,4
DA:18,4
DA:22,1
DA:23,2
DA:26,1
DA:27,4
DA:29,1
LF:14
LH:14
BRDA:27,0,0,2
BRDA:27,0,1,2
BRF:2
BRH:2
end_of_record
TN:
SF:/Users/denis/Projects/ngx-bdir/projects/ngx-bdir/src/lib/b-dir.models.ts
FN:4,(anonymous_0)
FN:9,(anonymous_1)
FNF:2
FNH:2
FNDA:3,(anonymous_0)
FNDA:3,(anonymous_1)
DA:4,3
DA:5,3
DA:6,3
DA:9,3
DA:10,3
DA:11,3
DA:14,3
DA:16,3
LF:8
LH:8
BRDA:4,0,0,3
BRDA:4,0,1,3
BRDA:9,1,0,3
BRDA:9,1,1,3
BRF:4
BRH:4
end_of_record
TN:
SF:/Users/denis/Projects/ngx-bdir/projects/ngx-bdir/src/lib/b-dir.service.ts
FN:8,(anonymous_0)
FN:12,BDirService
FN:20,(anonymous_2)
FN:24,(anonymous_3)
FN:31,(anonymous_4)
FN:35,(anonymous_5)
FN:36,(anonymous_6)
FN:39,(anonymous_7)
FNF:8
FNH:8
FNDA:3,(anonymous_0)
FNDA:13,BDirService
FNDA:2,(anonymous_2)
FNDA:5,(anonymous_3)
FNDA:11,(anonymous_4)
FNDA:5,(anonymous_5)
FNDA:5,(anonymous_6)
FNDA:15,(anonymous_7)
DA:1,3
DA:2,3
DA:3,3
DA:4,3
DA:5,3
DA:8,3
DA:13,13
DA:14,23
DA:16,13
DA:17,13
DA:20,3
DA:21,2
DA:24,3
DA:25,5
DA:26,4
DA:27,4
DA:31,3
DA:32,11
DA:35,3
DA:36,5
DA:39,3
DA:40,15
DA:42,3
LF:23
LH:23
BRDA:14,0,0,10
BRDA:14,0,1,3
BRDA:25,1,0,4
BRDA:25,1,1,1
BRDA:36,2,0,1
BRDA:36,2,1,4
BRDA:40,3,0,2
BRDA:40,3,1,13
BRF:8
BRH:8
end_of_record
TN:
SF:/Users/denis/Projects/ngx-bdir/projects/ngx-bdir/src/lib/b-dir.tokens.ts
FNF:0
FNH:0
DA:1,3
DA:4,3
DA:5,3
LF:3
LH:3
BRF:0
BRH:0
end_of_record
