TN:
SF:/Users/denis/Projects/ngx-bdir/projects/ngx-bdir/src/lib/bdir.directive.ts
FN:9,(anonymous_0)
FN:14,BdirDirective
FN:16,(anonymous_2)
FN:17,(anonymous_3)
FN:22,(anonymous_4)
FN:26,(anonymous_5)
FNF:6
FNH:6
FNDA:1,(anonymous_0)
FNDA:4,BdirDirective
FNDA:4,(anonymous_2)
FNDA:4,(anonymous_3)
FNDA:2,(anonymous_4)
FNDA:4,(anonymous_5)
DA:1,1
DA:3,1
DA:4,1
DA:9,1
DA:10,4
DA:14,4
DA:16,4
DA:17,4
DA:18,4
DA:22,1
DA:23,2
DA:26,1
DA:27,4
DA:29,1
LF:14
LH:14
BRDA:27,0,0,2
BRDA:27,0,1,2
BRF:2
BRH:2
end_of_record
TN:
SF:/Users/denis/Projects/ngx-bdir/projects/ngx-bdir/src/lib/ngx-bdir.models.ts
FN:4,(anonymous_0)
FN:9,(anonymous_1)
FNF:2
FNH:2
FNDA:2,(anonymous_0)
FNDA:2,(anonymous_1)
DA:4,2
DA:5,2
DA:6,2
DA:9,2
DA:10,2
DA:11,2
DA:14,2
DA:16,2
LF:8
LH:8
BRDA:4,0,0,2
BRDA:4,0,1,2
BRDA:9,1,0,2
BRDA:9,1,1,2
BRF:4
BRH:4
end_of_record
TN:
SF:/Users/denis/Projects/ngx-bdir/projects/ngx-bdir/src/lib/ngx-bdir.service.ts
FN:10,(anonymous_0)
FN:14,NgxBdirService
FN:22,(anonymous_2)
FN:26,(anonymous_3)
FN:33,(anonymous_4)
FN:37,(anonymous_5)
FN:38,(anonymous_6)
FN:41,(anonymous_7)
FNF:8
FNH:8
FNDA:2,(anonymous_0)
FNDA:6,NgxBdirService
FNDA:1,(anonymous_2)
FNDA:1,(anonymous_3)
FNDA:8,(anonymous_4)
FNDA:3,(anonymous_5)
FNDA:3,(anonymous_6)
FNDA:7,(anonymous_7)
DA:1,2
DA:2,2
DA:3,2
DA:4,2
DA:5,2
DA:10,2
DA:15,6
DA:16,9
DA:18,6
DA:19,6
DA:22,2
DA:23,1
DA:26,2
DA:27,1
DA:28,1
DA:29,1
DA:33,2
DA:34,8
DA:37,2
DA:38,3
DA:41,2
DA:42,7
DA:44,2
LF:23
LH:23
BRDA:16,0,0,3
BRDA:16,0,1,3
BRDA:27,1,0,1
BRDA:27,1,1,0
BRDA:38,2,0,0
BRDA:38,2,1,3
BRDA:42,3,0,2
BRDA:42,3,1,5
BRF:8
BRH:6
end_of_record
TN:
SF:/Users/denis/Projects/ngx-bdir/projects/ngx-bdir/src/lib/ngx-bdir.tokens.ts
FNF:0
FNH:0
DA:1,2
DA:4,2
DA:5,2
LF:3
LH:3
BRF:0
BRH:0
end_of_record
